<?xml version="1.0" encoding="UTF-8"?>
<!-- Generated by org.testng.reporters.JUnitXMLReporter -->
<testsuite ignored="0" hostname="DESKTOP-L6AJ1SL" failures="3" tests="3" name="Test6" time="224.498" errors="0" timestamp="2021-07-28T13:32:30 UYT">
  <testcase classname="MauroC.SeleniumTest.Multiple_Accounts" name="account" time="64.221">
    <failure type="org.openqa.selenium.ElementClickInterceptedException" message="element click intercepted: Element &amp;lt;input lightning-basecombobox_basecombobox=&amp;quot;&amp;quot; id=&amp;quot;input-208&amp;quot; type=&amp;quot;text&amp;quot; role=&amp;quot;combobox&amp;quot; aria-expanded=&amp;quot;false&amp;quot; aria-haspopup=&amp;quot;listbox&amp;quot; readonly=&amp;quot;&amp;quot; autocomplete=&amp;quot;off&amp;quot; aria-readonly=&amp;quot;true&amp;quot; aria-autocomplete=&amp;quot;none&amp;quot; aria-owns=&amp;quot;dropdown-element-208&amp;quot; class=&amp;quot;slds-input slds-combobox__input&amp;quot; aria-controls=&amp;quot;dropdown-element-208&amp;quot;&amp;gt; is not clickable at point (344, 412). Other element would receive the click: &amp;lt;force-dedupe-content data-aura-rendered-by=&amp;quot;1612:0&amp;quot;&amp;gt;&amp;lt;/force-dedupe-content&amp;gt;
  (Session info: chrome=92.0.4515.107)
Build info: version: &amp;apos;3.141.59&amp;apos;, revision: &amp;apos;e82be7d358&amp;apos;, time: &amp;apos;2018-11-14T08:17:03&amp;apos;
System info: host: &amp;apos;DESKTOP-L6AJ1SL&amp;apos;, ip: &amp;apos;192.168.1.7&amp;apos;, os.name: &amp;apos;Windows 10&amp;apos;, os.arch: &amp;apos;amd64&amp;apos;, os.version: &amp;apos;10.0&amp;apos;, java.version: &amp;apos;16.0.1&amp;apos;
Driver info: org.openqa.selenium.chrome.ChromeDriver
Capabilities {acceptInsecureCerts: false, browserName: chrome, browserVersion: 92.0.4515.107, chrome: {chromedriverVersion: 91.0.4472.19 (1bf021f248676..., userDataDir: C:\Users\Usuario\AppData\Lo...}, goog:chromeOptions: {debuggerAddress: localhost:61881}, javascriptEnabled: true, networkConnectionEnabled: false, pageLoadStrategy: normal, platform: WINDOWS, platformName: WINDOWS, proxy: Proxy(), setWindowRect: true, strictFileInteractability: false, timeouts: {implicit: 0, pageLoad: 300000, script: 30000}, unhandledPromptBehavior: dismiss and notify, webauthn:extension:largeBlob: true, webauthn:virtualAuthenticators: true}
Session ID: 8598054914b1197d0453845210b2e1f8">
      <![CDATA[org.openqa.selenium.ElementClickInterceptedException: element click intercepted: Element <input lightning-basecombobox_basecombobox="" id="input-208" type="text" role="combobox" aria-expanded="false" aria-haspopup="listbox" readonly="" autocomplete="off" aria-readonly="true" aria-autocomplete="none" aria-owns="dropdown-element-208" class="slds-input slds-combobox__input" aria-controls="dropdown-element-208"> is not clickable at point (344, 412). Other element would receive the click: <force-dedupe-content data-aura-rendered-by="1612:0"></force-dedupe-content>
  (Session info: chrome=92.0.4515.107)
Build info: version: '3.141.59', revision: 'e82be7d358', time: '2018-11-14T08:17:03'
System info: host: 'DESKTOP-L6AJ1SL', ip: '192.168.1.7', os.name: 'Windows 10', os.arch: 'amd64', os.version: '10.0', java.version: '16.0.1'
Driver info: org.openqa.selenium.chrome.ChromeDriver
Capabilities {acceptInsecureCerts: false, browserName: chrome, browserVersion: 92.0.4515.107, chrome: {chromedriverVersion: 91.0.4472.19 (1bf021f248676..., userDataDir: C:\Users\Usuario\AppData\Lo...}, goog:chromeOptions: {debuggerAddress: localhost:61881}, javascriptEnabled: true, networkConnectionEnabled: false, pageLoadStrategy: normal, platform: WINDOWS, platformName: WINDOWS, proxy: Proxy(), setWindowRect: true, strictFileInteractability: false, timeouts: {implicit: 0, pageLoad: 300000, script: 30000}, unhandledPromptBehavior: dismiss and notify, webauthn:extension:largeBlob: true, webauthn:virtualAuthenticators: true}
Session ID: 8598054914b1197d0453845210b2e1f8
at org.openqa.selenium.remote.http.W3CHttpResponseCodec.createException(W3CHttpResponseCodec.java:187)
at org.openqa.selenium.remote.http.W3CHttpResponseCodec.decode(W3CHttpResponseCodec.java:122)
at org.openqa.selenium.remote.http.W3CHttpResponseCodec.decode(W3CHttpResponseCodec.java:49)
at org.openqa.selenium.remote.HttpCommandExecutor.execute(HttpCommandExecutor.java:158)
at org.openqa.selenium.remote.service.DriverCommandExecutor.execute(DriverCommandExecutor.java:83)
at org.openqa.selenium.remote.RemoteWebDriver.execute(RemoteWebDriver.java:552)
at org.openqa.selenium.remote.RemoteWebElement.execute(RemoteWebElement.java:285)
at org.openqa.selenium.remote.RemoteWebElement.click(RemoteWebElement.java:84)
at PageObjects.AccountObjects.comboboxClick(AccountObjects.java:195)
at MauroC.SeleniumTest.Multiple_Accounts.account(Multiple_Accounts.java:103)
at java.base/java.util.ArrayList.forEach(ArrayList.java:1511)
... Removed 32 stack frames]]>
    </failure>
  </testcase> <!-- account -->
  <testcase classname="MauroC.SeleniumTest.Multiple_Accounts" name="account" time="68.492">
    <failure type="org.openqa.selenium.ElementClickInterceptedException" message="element click intercepted: Element &amp;lt;input lightning-basecombobox_basecombobox=&amp;quot;&amp;quot; id=&amp;quot;input-214&amp;quot; type=&amp;quot;text&amp;quot; role=&amp;quot;combobox&amp;quot; aria-expanded=&amp;quot;false&amp;quot; aria-haspopup=&amp;quot;listbox&amp;quot; readonly=&amp;quot;&amp;quot; autocomplete=&amp;quot;off&amp;quot; aria-readonly=&amp;quot;true&amp;quot; aria-autocomplete=&amp;quot;none&amp;quot; aria-owns=&amp;quot;dropdown-element-214&amp;quot; class=&amp;quot;slds-input slds-combobox__input&amp;quot; aria-controls=&amp;quot;dropdown-element-214&amp;quot;&amp;gt; is not clickable at point (344, 412). Other element would receive the click: &amp;lt;force-dedupe-content data-aura-rendered-by=&amp;quot;1614:0&amp;quot;&amp;gt;&amp;lt;/force-dedupe-content&amp;gt;
  (Session info: chrome=92.0.4515.107)
Build info: version: &amp;apos;3.141.59&amp;apos;, revision: &amp;apos;e82be7d358&amp;apos;, time: &amp;apos;2018-11-14T08:17:03&amp;apos;
System info: host: &amp;apos;DESKTOP-L6AJ1SL&amp;apos;, ip: &amp;apos;192.168.1.7&amp;apos;, os.name: &amp;apos;Windows 10&amp;apos;, os.arch: &amp;apos;amd64&amp;apos;, os.version: &amp;apos;10.0&amp;apos;, java.version: &amp;apos;16.0.1&amp;apos;
Driver info: org.openqa.selenium.chrome.ChromeDriver
Capabilities {acceptInsecureCerts: false, browserName: chrome, browserVersion: 92.0.4515.107, chrome: {chromedriverVersion: 91.0.4472.19 (1bf021f248676..., userDataDir: C:\Users\Usuario\AppData\Lo...}, goog:chromeOptions: {debuggerAddress: localhost:56521}, javascriptEnabled: true, networkConnectionEnabled: false, pageLoadStrategy: normal, platform: WINDOWS, platformName: WINDOWS, proxy: Proxy(), setWindowRect: true, strictFileInteractability: false, timeouts: {implicit: 0, pageLoad: 300000, script: 30000}, unhandledPromptBehavior: dismiss and notify, webauthn:extension:largeBlob: true, webauthn:virtualAuthenticators: true}
Session ID: 6266e63ba7d20d868284abaf8fe6f457">
      <![CDATA[org.openqa.selenium.ElementClickInterceptedException: element click intercepted: Element <input lightning-basecombobox_basecombobox="" id="input-214" type="text" role="combobox" aria-expanded="false" aria-haspopup="listbox" readonly="" autocomplete="off" aria-readonly="true" aria-autocomplete="none" aria-owns="dropdown-element-214" class="slds-input slds-combobox__input" aria-controls="dropdown-element-214"> is not clickable at point (344, 412). Other element would receive the click: <force-dedupe-content data-aura-rendered-by="1614:0"></force-dedupe-content>
  (Session info: chrome=92.0.4515.107)
Build info: version: '3.141.59', revision: 'e82be7d358', time: '2018-11-14T08:17:03'
System info: host: 'DESKTOP-L6AJ1SL', ip: '192.168.1.7', os.name: 'Windows 10', os.arch: 'amd64', os.version: '10.0', java.version: '16.0.1'
Driver info: org.openqa.selenium.chrome.ChromeDriver
Capabilities {acceptInsecureCerts: false, browserName: chrome, browserVersion: 92.0.4515.107, chrome: {chromedriverVersion: 91.0.4472.19 (1bf021f248676..., userDataDir: C:\Users\Usuario\AppData\Lo...}, goog:chromeOptions: {debuggerAddress: localhost:56521}, javascriptEnabled: true, networkConnectionEnabled: false, pageLoadStrategy: normal, platform: WINDOWS, platformName: WINDOWS, proxy: Proxy(), setWindowRect: true, strictFileInteractability: false, timeouts: {implicit: 0, pageLoad: 300000, script: 30000}, unhandledPromptBehavior: dismiss and notify, webauthn:extension:largeBlob: true, webauthn:virtualAuthenticators: true}
Session ID: 6266e63ba7d20d868284abaf8fe6f457
at org.openqa.selenium.remote.http.W3CHttpResponseCodec.createException(W3CHttpResponseCodec.java:187)
at org.openqa.selenium.remote.http.W3CHttpResponseCodec.decode(W3CHttpResponseCodec.java:122)
at org.openqa.selenium.remote.http.W3CHttpResponseCodec.decode(W3CHttpResponseCodec.java:49)
at org.openqa.selenium.remote.HttpCommandExecutor.execute(HttpCommandExecutor.java:158)
at org.openqa.selenium.remote.service.DriverCommandExecutor.execute(DriverCommandExecutor.java:83)
at org.openqa.selenium.remote.RemoteWebDriver.execute(RemoteWebDriver.java:552)
at org.openqa.selenium.remote.RemoteWebElement.execute(RemoteWebElement.java:285)
at org.openqa.selenium.remote.RemoteWebElement.click(RemoteWebElement.java:84)
at PageObjects.AccountObjects.comboboxClick(AccountObjects.java:195)
at MauroC.SeleniumTest.Multiple_Accounts.account(Multiple_Accounts.java:103)
at java.base/java.util.ArrayList.forEach(ArrayList.java:1511)
... Removed 32 stack frames]]>
    </failure>
  </testcase> <!-- account -->
  <testcase classname="MauroC.SeleniumTest.Multiple_Accounts" name="account" time="63.982">
    <failure type="org.openqa.selenium.ElementClickInterceptedException" message="element click intercepted: Element &amp;lt;input lightning-basecombobox_basecombobox=&amp;quot;&amp;quot; id=&amp;quot;input-208&amp;quot; type=&amp;quot;text&amp;quot; role=&amp;quot;combobox&amp;quot; aria-expanded=&amp;quot;false&amp;quot; aria-haspopup=&amp;quot;listbox&amp;quot; readonly=&amp;quot;&amp;quot; autocomplete=&amp;quot;off&amp;quot; aria-readonly=&amp;quot;true&amp;quot; aria-autocomplete=&amp;quot;none&amp;quot; aria-owns=&amp;quot;dropdown-element-208&amp;quot; class=&amp;quot;slds-input slds-combobox__input&amp;quot; aria-controls=&amp;quot;dropdown-element-208&amp;quot;&amp;gt; is not clickable at point (344, 412). Other element would receive the click: &amp;lt;force-dedupe-content data-aura-rendered-by=&amp;quot;1574:0&amp;quot;&amp;gt;&amp;lt;/force-dedupe-content&amp;gt;
  (Session info: chrome=92.0.4515.107)
Build info: version: &amp;apos;3.141.59&amp;apos;, revision: &amp;apos;e82be7d358&amp;apos;, time: &amp;apos;2018-11-14T08:17:03&amp;apos;
System info: host: &amp;apos;DESKTOP-L6AJ1SL&amp;apos;, ip: &amp;apos;192.168.1.7&amp;apos;, os.name: &amp;apos;Windows 10&amp;apos;, os.arch: &amp;apos;amd64&amp;apos;, os.version: &amp;apos;10.0&amp;apos;, java.version: &amp;apos;16.0.1&amp;apos;
Driver info: org.openqa.selenium.chrome.ChromeDriver
Capabilities {acceptInsecureCerts: false, browserName: chrome, browserVersion: 92.0.4515.107, chrome: {chromedriverVersion: 91.0.4472.19 (1bf021f248676..., userDataDir: C:\Users\Usuario\AppData\Lo...}, goog:chromeOptions: {debuggerAddress: localhost:49239}, javascriptEnabled: true, networkConnectionEnabled: false, pageLoadStrategy: normal, platform: WINDOWS, platformName: WINDOWS, proxy: Proxy(), setWindowRect: true, strictFileInteractability: false, timeouts: {implicit: 0, pageLoad: 300000, script: 30000}, unhandledPromptBehavior: dismiss and notify, webauthn:extension:largeBlob: true, webauthn:virtualAuthenticators: true}
Session ID: beecb8505a059c08f5a535d85d09fa2b">
      <![CDATA[org.openqa.selenium.ElementClickInterceptedException: element click intercepted: Element <input lightning-basecombobox_basecombobox="" id="input-208" type="text" role="combobox" aria-expanded="false" aria-haspopup="listbox" readonly="" autocomplete="off" aria-readonly="true" aria-autocomplete="none" aria-owns="dropdown-element-208" class="slds-input slds-combobox__input" aria-controls="dropdown-element-208"> is not clickable at point (344, 412). Other element would receive the click: <force-dedupe-content data-aura-rendered-by="1574:0"></force-dedupe-content>
  (Session info: chrome=92.0.4515.107)
Build info: version: '3.141.59', revision: 'e82be7d358', time: '2018-11-14T08:17:03'
System info: host: 'DESKTOP-L6AJ1SL', ip: '192.168.1.7', os.name: 'Windows 10', os.arch: 'amd64', os.version: '10.0', java.version: '16.0.1'
Driver info: org.openqa.selenium.chrome.ChromeDriver
Capabilities {acceptInsecureCerts: false, browserName: chrome, browserVersion: 92.0.4515.107, chrome: {chromedriverVersion: 91.0.4472.19 (1bf021f248676..., userDataDir: C:\Users\Usuario\AppData\Lo...}, goog:chromeOptions: {debuggerAddress: localhost:49239}, javascriptEnabled: true, networkConnectionEnabled: false, pageLoadStrategy: normal, platform: WINDOWS, platformName: WINDOWS, proxy: Proxy(), setWindowRect: true, strictFileInteractability: false, timeouts: {implicit: 0, pageLoad: 300000, script: 30000}, unhandledPromptBehavior: dismiss and notify, webauthn:extension:largeBlob: true, webauthn:virtualAuthenticators: true}
Session ID: beecb8505a059c08f5a535d85d09fa2b
at org.openqa.selenium.remote.http.W3CHttpResponseCodec.createException(W3CHttpResponseCodec.java:187)
at org.openqa.selenium.remote.http.W3CHttpResponseCodec.decode(W3CHttpResponseCodec.java:122)
at org.openqa.selenium.remote.http.W3CHttpResponseCodec.decode(W3CHttpResponseCodec.java:49)
at org.openqa.selenium.remote.HttpCommandExecutor.execute(HttpCommandExecutor.java:158)
at org.openqa.selenium.remote.service.DriverCommandExecutor.execute(DriverCommandExecutor.java:83)
at org.openqa.selenium.remote.RemoteWebDriver.execute(RemoteWebDriver.java:552)
at org.openqa.selenium.remote.RemoteWebElement.execute(RemoteWebElement.java:285)
at org.openqa.selenium.remote.RemoteWebElement.click(RemoteWebElement.java:84)
at PageObjects.AccountObjects.comboboxClick(AccountObjects.java:195)
at MauroC.SeleniumTest.Multiple_Accounts.account(Multiple_Accounts.java:103)
at java.base/java.util.ArrayList.forEach(ArrayList.java:1511)
... Removed 32 stack frames]]>
    </failure>
  </testcase> <!-- account -->
</testsuite> <!-- Test6 -->
