<?xml version="1.0" encoding="UTF-8"?>
<testng-results ignored="0" total="8" passed="8" failed="0" skipped="0">
  <reporter-output>
  </reporter-output>
  <suite started-at="2021-08-02T15:52:11 UYT" name="Default suite" finished-at="2021-08-02T16:04:38 UYT" duration-ms="747002">
    <groups>
      <group name="cucumber">
        <method signature="AbstractTestNGCucumberTests.runScenario(io.cucumber.testng.PickleWrapper,io.cucumber.testng.FeatureWrapper)[pri:0, instance:cucumberOptions.testRunner@3febb011]" name="runScenario" class="io.cucumber.testng.AbstractTestNGCucumberTests"/>
      </group> <!-- cucumber -->
    </groups>
    <test started-at="2021-08-02T15:52:11 UYT" name="Default test" finished-at="2021-08-02T16:04:38 UYT" duration-ms="747002">
      <class name="cucumberOptions.testRunner">
        <test-method is-config="true" signature="setUpClass()[pri:0, instance:cucumberOptions.testRunner@3febb011]" started-at="2021-08-02T15:52:11 UYT" name="setUpClass" finished-at="2021-08-02T15:52:12 UYT" duration-ms="1323" status="PASS">
          <reporter-output>
          </reporter-output>
        </test-method> <!-- setUpClass -->
        <test-method signature="runScenario(io.cucumber.testng.PickleWrapper,io.cucumber.testng.FeatureWrapper)[pri:0, instance:cucumberOptions.testRunner@3febb011]" started-at="2021-08-02T15:52:12 UYT" name="runScenario" description="Runs Cucumber Scenarios" data-provider="scenarios" finished-at="2021-08-02T15:56:51 UYT" duration-ms="279004" status="PASS">
          <params>
            <param index="0">
              <value>
                <![CDATA["Successful clicks arround tabs"]]>
              </value>
            </param>
            <param index="1">
              <value>
                <![CDATA["Optional[Test Background Feature]"]]>
              </value>
            </param>
          </params>
          <reporter-output>
          </reporter-output>
        </test-method> <!-- runScenario -->
        <test-method signature="runScenario(io.cucumber.testng.PickleWrapper,io.cucumber.testng.FeatureWrapper)[pri:0, instance:cucumberOptions.testRunner@3febb011]" started-at="2021-08-02T15:56:51 UYT" name="runScenario" description="Runs Cucumber Scenarios" data-provider="scenarios" finished-at="2021-08-02T15:58:02 UYT" duration-ms="71046" status="PASS">
          <params>
            <param index="0">
              <value>
                <![CDATA["Create a New Account"]]>
              </value>
            </param>
            <param index="1">
              <value>
                <![CDATA["Optional[Test Background Feature]"]]>
              </value>
            </param>
          </params>
          <reporter-output>
          </reporter-output>
        </test-method> <!-- runScenario -->
        <test-method signature="runScenario(io.cucumber.testng.PickleWrapper,io.cucumber.testng.FeatureWrapper)[pri:0, instance:cucumberOptions.testRunner@3febb011]" started-at="2021-08-02T15:58:03 UYT" name="runScenario" description="Runs Cucumber Scenarios" data-provider="scenarios" finished-at="2021-08-02T15:58:54 UYT" duration-ms="51857" status="PASS">
          <params>
            <param index="0">
              <value>
                <![CDATA["Create a failed account record"]]>
              </value>
            </param>
            <param index="1">
              <value>
                <![CDATA["Optional[Test Background Feature]"]]>
              </value>
            </param>
          </params>
          <reporter-output>
          </reporter-output>
        </test-method> <!-- runScenario -->
        <test-method signature="runScenario(io.cucumber.testng.PickleWrapper,io.cucumber.testng.FeatureWrapper)[pri:0, instance:cucumberOptions.testRunner@3febb011]" started-at="2021-08-02T15:58:54 UYT" name="runScenario" description="Runs Cucumber Scenarios" data-provider="scenarios" finished-at="2021-08-02T16:00:00 UYT" duration-ms="65708" status="PASS">
          <params>
            <param index="0">
              <value>
                <![CDATA["Create a new Contact record"]]>
              </value>
            </param>
            <param index="1">
              <value>
                <![CDATA["Optional[Test Background Feature]"]]>
              </value>
            </param>
          </params>
          <reporter-output>
          </reporter-output>
        </test-method> <!-- runScenario -->
        <test-method signature="runScenario(io.cucumber.testng.PickleWrapper,io.cucumber.testng.FeatureWrapper)[pri:0, instance:cucumberOptions.testRunner@3febb011]" started-at="2021-08-02T16:00:00 UYT" name="runScenario" description="Runs Cucumber Scenarios" data-provider="scenarios" finished-at="2021-08-02T16:01:06 UYT" duration-ms="66294" status="PASS">
          <params>
            <param index="0">
              <value>
                <![CDATA["Edit account record"]]>
              </value>
            </param>
            <param index="1">
              <value>
                <![CDATA["Optional[Test Background Feature]"]]>
              </value>
            </param>
          </params>
          <reporter-output>
          </reporter-output>
        </test-method> <!-- runScenario -->
        <test-method signature="runScenario(io.cucumber.testng.PickleWrapper,io.cucumber.testng.FeatureWrapper)[pri:0, instance:cucumberOptions.testRunner@3febb011]" started-at="2021-08-02T16:01:06 UYT" name="runScenario" description="Runs Cucumber Scenarios" data-provider="scenarios" finished-at="2021-08-02T16:02:15 UYT" duration-ms="69036" status="PASS">
          <params>
            <param index="0">
              <value>
                <![CDATA["Create 3 different accounts"]]>
              </value>
            </param>
            <param index="1">
              <value>
                <![CDATA["Optional[Test Background Feature]"]]>
              </value>
            </param>
          </params>
          <reporter-output>
          </reporter-output>
        </test-method> <!-- runScenario -->
        <test-method signature="runScenario(io.cucumber.testng.PickleWrapper,io.cucumber.testng.FeatureWrapper)[pri:0, instance:cucumberOptions.testRunner@3febb011]" started-at="2021-08-02T16:02:15 UYT" name="runScenario" description="Runs Cucumber Scenarios" data-provider="scenarios" finished-at="2021-08-02T16:03:26 UYT" duration-ms="70322" status="PASS">
          <params>
            <param index="0">
              <value>
                <![CDATA["Create 3 different accounts"]]>
              </value>
            </param>
            <param index="1">
              <value>
                <![CDATA["Optional[Test Background Feature]"]]>
              </value>
            </param>
          </params>
          <reporter-output>
          </reporter-output>
        </test-method> <!-- runScenario -->
        <test-method signature="runScenario(io.cucumber.testng.PickleWrapper,io.cucumber.testng.FeatureWrapper)[pri:0, instance:cucumberOptions.testRunner@3febb011]" started-at="2021-08-02T16:03:26 UYT" name="runScenario" description="Runs Cucumber Scenarios" data-provider="scenarios" finished-at="2021-08-02T16:04:38 UYT" duration-ms="72096" status="PASS">
          <params>
            <param index="0">
              <value>
                <![CDATA["Create 3 different accounts"]]>
              </value>
            </param>
            <param index="1">
              <value>
                <![CDATA["Optional[Test Background Feature]"]]>
              </value>
            </param>
          </params>
          <reporter-output>
          </reporter-output>
        </test-method> <!-- runScenario -->
        <test-method is-config="true" signature="tearDownClass()[pri:0, instance:cucumberOptions.testRunner@3febb011]" started-at="2021-08-02T16:04:38 UYT" name="tearDownClass" finished-at="2021-08-02T16:04:38 UYT" duration-ms="48" status="PASS">
          <reporter-output>
          </reporter-output>
        </test-method> <!-- tearDownClass -->
      </class> <!-- cucumberOptions.testRunner -->
    </test> <!-- Default test -->
  </suite> <!-- Default suite -->
</testng-results>
